0 info it worked if it ends with ok
1 verbose cli [ '/usr/local/bin/node', '/usr/bin/npm', 'run', 'dev-server' ]
2 info using npm@3.10.10
3 info using node@v12.13.0
4 verbose run-script [ 'predev-server', 'dev-server', 'postdev-server' ]
5 info lifecycle expensify@1.0.0~predev-server: expensify@1.0.0
6 silly lifecycle expensify@1.0.0~predev-server: no script for predev-server, continuing
7 info lifecycle expensify@1.0.0~dev-server: expensify@1.0.0
8 verbose lifecycle expensify@1.0.0~dev-server: unsafe-perm in lifecycle true
9 verbose lifecycle expensify@1.0.0~dev-server: PATH: /usr/lib/node_modules/npm/bin/node-gyp-bin:/root/react-boilerplate/node_modules/.bin:/usr/local/sbin:/usr/local/bin:/usr/sbin:/usr/bin:/root/bin
10 verbose lifecycle expensify@1.0.0~dev-server: CWD: /root/react-boilerplate
11 silly lifecycle expensify@1.0.0~dev-server: Args: [ '-c', 'webpack-dev-server' ]
12 silly lifecycle expensify@1.0.0~dev-server: Returned: code: 1  signal: null
13 info lifecycle expensify@1.0.0~dev-server: Failed to exec dev-server script
14 verbose stack Error: expensify@1.0.0 dev-server: `webpack-dev-server`
14 verbose stack Exit status 1
14 verbose stack     at EventEmitter.<anonymous> (/usr/lib/node_modules/npm/lib/utils/lifecycle.js:255:16)
14 verbose stack     at EventEmitter.emit (events.js:210:5)
14 verbose stack     at ChildProcess.<anonymous> (/usr/lib/node_modules/npm/lib/utils/spawn.js:40:14)
14 verbose stack     at ChildProcess.emit (events.js:210:5)
14 verbose stack     at maybeClose (internal/child_process.js:1021:16)
14 verbose stack     at Process.ChildProcess._handle.onexit (internal/child_process.js:283:5)
15 verbose pkgid expensify@1.0.0
16 verbose cwd /root/react-boilerplate
17 error Linux 3.10.0-123.el7.x86_64
18 error argv "/usr/local/bin/node" "/usr/bin/npm" "run" "dev-server"
19 error node v12.13.0
20 error npm  v3.10.10
21 error code ELIFECYCLE
22 error expensify@1.0.0 dev-server: `webpack-dev-server`
22 error Exit status 1
23 error Failed at the expensify@1.0.0 dev-server script 'webpack-dev-server'.
23 error Make sure you have the latest version of node.js and npm installed.
23 error If you do, this is most likely a problem with the expensify package,
23 error not with npm itself.
23 error Tell the author that this fails on your system:
23 error     webpack-dev-server
23 error You can get information on how to open an issue for this project with:
23 error     npm bugs expensify
23 error Or if that isn't available, you can get their info via:
23 error     npm owner ls expensify
23 error There is likely additional logging output above.
24 verbose exit [ 1, true ]
